0 verbose cli [ '/usr/local/bin/node', '/usr/local/bin/npm', 'i', 'util' ]
1 info using npm@8.3.1
2 info using node@v14.17.1
3 timing npm:load:whichnode Completed in 0ms
4 timing config:load:defaults Completed in 1ms
5 timing config:load:file:/usr/local/lib/node_modules/npm/npmrc Completed in 3ms
6 timing config:load:builtin Completed in 3ms
7 timing config:load:cli Completed in 2ms
8 timing config:load:env Completed in 0ms
9 timing config:load:file:/Users/erickjaimez/Desktop/ECO-APP/backend/.npmrc Completed in 0ms
10 timing config:load:project Completed in 1ms
11 timing config:load:file:/Users/erickjaimez/.npmrc Completed in 0ms
12 timing config:load:user Completed in 0ms
13 timing config:load:file:/usr/local/etc/npmrc Completed in 3ms
14 timing config:load:global Completed in 3ms
15 timing config:load:validate Completed in 1ms
16 timing config:load:credentials Completed in 0ms
17 timing config:load:setEnvs Completed in 1ms
18 timing config:load Completed in 12ms
19 timing npm:load:configload Completed in 12ms
20 timing npm:load:setTitle Completed in 18ms
21 timing config:load:flatten Completed in 3ms
22 timing npm:load:display Completed in 5ms
23 verbose logfile /Users/erickjaimez/Desktop/ECO-APP/backend/C:tmpnodejsnpm-cache/_logs/2022-01-20T05_19_49_740Z-debug-0.log
24 timing npm:load:logFile Completed in 6ms
25 timing npm:load:timers Completed in 0ms
26 timing npm:load:configScope Completed in 0ms
27 timing npm:load Completed in 43ms
28 timing arborist:ctor Completed in 1ms
29 timing idealTree:init Completed in 246ms
30 timing idealTree:userRequests Completed in 2ms
31 silly idealTree buildDeps
32 silly fetch manifest util@*
33 timing arborist:ctor Completed in 0ms
34 http fetch GET 200 https://registry.npmjs.org/util 347ms (cache miss)
35 silly placeDep ROOT util@0.12.4 OK for: backend@1.0.0 want: *
36 silly fetch manifest is-arguments@^1.0.4
37 silly fetch manifest is-generator-function@^1.0.7
38 silly fetch manifest is-typed-array@^1.1.3
39 silly fetch manifest which-typed-array@^1.1.2
40 http fetch GET 200 https://registry.npmjs.org/is-arguments 49ms (cache miss)
41 http fetch GET 200 https://registry.npmjs.org/is-generator-function 338ms (cache miss)
42 http fetch GET 200 https://registry.npmjs.org/is-typed-array 337ms (cache miss)
43 http fetch GET 200 https://registry.npmjs.org/which-typed-array 337ms (cache miss)
44 timing idealTree:#root Completed in 699ms
45 silly placeDep ROOT is-arguments@1.1.1 OK for: util@0.12.4 want: ^1.0.4
46 silly placeDep ROOT is-generator-function@1.0.10 OK for: util@0.12.4 want: ^1.0.7
47 silly placeDep ROOT is-typed-array@1.1.8 OK for: util@0.12.4 want: ^1.1.3
48 silly placeDep ROOT which-typed-array@1.1.7 OK for: util@0.12.4 want: ^1.1.2
49 silly fetch manifest call-bind@^1.0.2
50 silly fetch manifest has-tostringtag@^1.0.0
51 silly fetch manifest available-typed-arrays@^1.0.5
52 silly fetch manifest es-abstract@^1.18.5
53 silly fetch manifest foreach@^2.0.5
54 http fetch GET 200 https://registry.npmjs.org/call-bind 110ms (cache miss)
55 http fetch GET 200 https://registry.npmjs.org/has-tostringtag 109ms (cache miss)
56 http fetch GET 200 https://registry.npmjs.org/available-typed-arrays 183ms (cache miss)
57 http fetch GET 200 https://registry.npmjs.org/es-abstract 186ms (cache miss)
58 http fetch GET 200 https://registry.npmjs.org/foreach 265ms (cache miss)
59 timing idealTree:node_modules/util Completed in 281ms
60 silly placeDep ROOT call-bind@1.0.2 OK for: is-arguments@1.1.1 want: ^1.0.2
61 silly placeDep ROOT has-tostringtag@1.0.0 OK for: is-arguments@1.1.1 want: ^1.0.0
62 silly fetch manifest function-bind@^1.1.1
63 silly fetch manifest get-intrinsic@^1.0.2
64 silly fetch manifest has-symbols@^1.0.2
65 http fetch GET 200 https://registry.npmjs.org/has-symbols 256ms (cache miss)
66 http fetch GET 200 https://registry.npmjs.org/function-bind 267ms (cache miss)
67 http fetch GET 200 https://registry.npmjs.org/get-intrinsic 271ms (cache miss)
68 timing idealTree:node_modules/is-arguments Completed in 286ms
69 silly placeDep ROOT function-bind@1.1.1 OK for: call-bind@1.0.2 want: ^1.1.1
70 silly placeDep ROOT get-intrinsic@1.1.1 OK for: call-bind@1.0.2 want: ^1.0.2
71 silly fetch manifest has@^1.0.3
72 silly fetch manifest has-symbols@^1.0.1
73 http fetch GET 200 https://registry.npmjs.org/has 52ms (cache miss)
74 timing idealTree:node_modules/call-bind Completed in 68ms
75 timing idealTree:node_modules/function-bind Completed in 0ms
76 silly placeDep ROOT has@1.0.3 OK for: get-intrinsic@1.1.1 want: ^1.0.3
77 silly placeDep ROOT has-symbols@1.0.2 OK for: get-intrinsic@1.1.1 want: ^1.0.1
78 timing idealTree:node_modules/get-intrinsic Completed in 2ms
79 timing idealTree:node_modules/has Completed in 0ms
80 timing idealTree:node_modules/has-symbols Completed in 0ms
81 timing idealTree:node_modules/has-tostringtag Completed in 0ms
82 timing idealTree:node_modules/is-generator-function Completed in 0ms
83 silly placeDep ROOT available-typed-arrays@1.0.5 OK for: is-typed-array@1.1.8 want: ^1.0.5
84 silly placeDep ROOT es-abstract@1.19.1 OK for: is-typed-array@1.1.8 want: ^1.18.5
85 silly placeDep ROOT foreach@2.0.5 OK for: is-typed-array@1.1.8 want: ^2.0.5
86 silly fetch manifest es-to-primitive@^1.2.1
87 silly fetch manifest get-symbol-description@^1.0.0
88 silly fetch manifest internal-slot@^1.0.3
89 silly fetch manifest is-callable@^1.2.4
90 silly fetch manifest is-negative-zero@^2.0.1
91 silly fetch manifest is-regex@^1.1.4
92 silly fetch manifest is-shared-array-buffer@^1.0.1
93 silly fetch manifest is-string@^1.0.7
94 silly fetch manifest is-weakref@^1.0.1
95 silly fetch manifest object-inspect@^1.11.0
96 silly fetch manifest object-keys@^1.1.1
97 silly fetch manifest object.assign@^4.1.2
98 silly fetch manifest string.prototype.trimend@^1.0.4
99 silly fetch manifest string.prototype.trimstart@^1.0.4
100 silly fetch manifest unbox-primitive@^1.0.1
101 http fetch GET 200 https://registry.npmjs.org/internal-slot 104ms (cache miss)
102 http fetch GET 200 https://registry.npmjs.org/get-symbol-description 177ms (cache miss)
103 http fetch GET 200 https://registry.npmjs.org/is-regex 172ms (cache miss)
104 http fetch GET 200 https://registry.npmjs.org/object-keys 411ms (cache miss)
105 http fetch GET 200 https://registry.npmjs.org/is-callable 418ms (cache miss)
106 http fetch GET 200 https://registry.npmjs.org/object.assign 411ms (cache miss)
107 http fetch GET 200 https://registry.npmjs.org/es-to-primitive 425ms (cache miss)
108 http fetch GET 200 https://registry.npmjs.org/is-negative-zero 419ms (cache miss)
109 http fetch GET 200 https://registry.npmjs.org/unbox-primitive 412ms (cache miss)
110 http fetch GET 200 https://registry.npmjs.org/is-weakref 507ms (cache miss)
111 http fetch GET 200 https://registry.npmjs.org/string.prototype.trimstart 507ms (cache miss)
112 http fetch GET 200 https://registry.npmjs.org/string.prototype.trimend 605ms (cache miss)
113 http fetch GET 200 https://registry.npmjs.org/is-string 610ms (cache miss)
114 http fetch GET 200 https://registry.npmjs.org/is-shared-array-buffer 613ms (cache miss)
115 http fetch GET 200 https://registry.npmjs.org/object-inspect 948ms (cache miss)
116 timing idealTree:node_modules/is-typed-array Completed in 967ms
117 timing idealTree:node_modules/available-typed-arrays Completed in 0ms
118 silly placeDep ROOT es-to-primitive@1.2.1 OK for: es-abstract@1.19.1 want: ^1.2.1
119 silly placeDep ROOT get-symbol-description@1.0.0 OK for: es-abstract@1.19.1 want: ^1.0.0
120 silly placeDep ROOT internal-slot@1.0.3 OK for: es-abstract@1.19.1 want: ^1.0.3
121 silly placeDep ROOT is-callable@1.2.4 OK for: es-abstract@1.19.1 want: ^1.2.4
122 silly placeDep ROOT is-negative-zero@2.0.2 OK for: es-abstract@1.19.1 want: ^2.0.1
123 silly placeDep ROOT is-regex@1.1.4 OK for: es-abstract@1.19.1 want: ^1.1.4
124 silly placeDep ROOT is-shared-array-buffer@1.0.1 OK for: es-abstract@1.19.1 want: ^1.0.1
125 silly placeDep ROOT is-string@1.0.7 OK for: es-abstract@1.19.1 want: ^1.0.7
126 silly placeDep ROOT is-weakref@1.0.2 OK for: es-abstract@1.19.1 want: ^1.0.1
127 silly placeDep ROOT object-inspect@1.12.0 OK for: es-abstract@1.19.1 want: ^1.11.0
128 silly placeDep ROOT object-keys@1.1.1 OK for: es-abstract@1.19.1 want: ^1.1.1
129 silly placeDep ROOT object.assign@4.1.2 OK for: es-abstract@1.19.1 want: ^4.1.2
130 silly placeDep ROOT string.prototype.trimend@1.0.4 OK for: es-abstract@1.19.1 want: ^1.0.4
131 silly placeDep ROOT string.prototype.trimstart@1.0.4 OK for: es-abstract@1.19.1 want: ^1.0.4
132 silly placeDep ROOT unbox-primitive@1.0.1 OK for: es-abstract@1.19.1 want: ^1.0.1
133 silly fetch manifest is-date-object@^1.0.1
134 silly fetch manifest is-symbol@^1.0.2
135 silly fetch manifest side-channel@^1.0.4
136 silly fetch manifest define-properties@^1.1.3
137 silly fetch manifest has-bigints@^1.0.1
138 silly fetch manifest which-boxed-primitive@^1.0.2
139 http fetch GET 200 https://registry.npmjs.org/is-date-object 75ms (cache miss)
140 http fetch GET 200 https://registry.npmjs.org/define-properties 71ms (cache miss)
141 http fetch GET 200 https://registry.npmjs.org/side-channel 184ms (cache miss)
142 http fetch GET 200 https://registry.npmjs.org/which-boxed-primitive 180ms (cache miss)
143 http fetch GET 200 https://registry.npmjs.org/has-bigints 198ms (cache miss)
144 http fetch GET 200 https://registry.npmjs.org/is-symbol 222ms (cache miss)
145 timing idealTree:node_modules/es-abstract Completed in 252ms
146 silly placeDep ROOT is-date-object@1.0.5 OK for: es-to-primitive@1.2.1 want: ^1.0.1
147 silly placeDep ROOT is-symbol@1.0.4 OK for: es-to-primitive@1.2.1 want: ^1.0.2
148 timing idealTree:node_modules/es-to-primitive Completed in 8ms
149 timing idealTree:node_modules/foreach Completed in 0ms
150 timing idealTree:node_modules/get-symbol-description Completed in 0ms
151 silly placeDep ROOT side-channel@1.0.4 OK for: internal-slot@1.0.3 want: ^1.0.4
152 timing idealTree:node_modules/internal-slot Completed in 1ms
153 timing idealTree:node_modules/is-callable Completed in 0ms
154 timing idealTree:node_modules/is-date-object Completed in 0ms
155 timing idealTree:node_modules/is-negative-zero Completed in 0ms
156 timing idealTree:node_modules/is-regex Completed in 0ms
157 timing idealTree:node_modules/is-shared-array-buffer Completed in 0ms
158 timing idealTree:node_modules/is-string Completed in 0ms
159 timing idealTree:node_modules/is-symbol Completed in 0ms
160 timing idealTree:node_modules/is-weakref Completed in 1ms
161 timing idealTree:node_modules/object-inspect Completed in 0ms
162 timing idealTree:node_modules/object-keys Completed in 0ms
163 silly placeDep ROOT define-properties@1.1.3 OK for: object.assign@4.1.2 want: ^1.1.3
164 timing idealTree:node_modules/object.assign Completed in 1ms
165 timing idealTree:node_modules/define-properties Completed in 0ms
166 timing idealTree:node_modules/side-channel Completed in 0ms
167 timing idealTree:node_modules/string.prototype.trimend Completed in 0ms
168 timing idealTree:node_modules/string.prototype.trimstart Completed in 0ms
169 silly placeDep ROOT has-bigints@1.0.1 OK for: unbox-primitive@1.0.1 want: ^1.0.1
170 silly placeDep ROOT which-boxed-primitive@1.0.2 OK for: unbox-primitive@1.0.1 want: ^1.0.2
171 silly fetch manifest is-bigint@^1.0.1
172 silly fetch manifest is-boolean-object@^1.1.0
173 silly fetch manifest is-number-object@^1.0.4
174 http fetch GET 200 https://registry.npmjs.org/is-number-object 351ms (cache miss)
175 http fetch GET 200 https://registry.npmjs.org/is-boolean-object 388ms (cache miss)
176 http fetch GET 200 https://registry.npmjs.org/is-bigint 406ms (cache miss)
177 timing idealTree:node_modules/unbox-primitive Completed in 410ms
178 timing idealTree:node_modules/has-bigints Completed in 0ms
179 silly placeDep ROOT is-bigint@1.0.4 OK for: which-boxed-primitive@1.0.2 want: ^1.0.1
180 silly placeDep ROOT is-boolean-object@1.1.2 OK for: which-boxed-primitive@1.0.2 want: ^1.1.0
181 silly placeDep ROOT is-number-object@1.0.6 OK for: which-boxed-primitive@1.0.2 want: ^1.0.4
182 timing idealTree:node_modules/which-boxed-primitive Completed in 4ms
183 timing idealTree:node_modules/is-bigint Completed in 0ms
184 timing idealTree:node_modules/is-boolean-object Completed in 0ms
185 timing idealTree:node_modules/is-number-object Completed in 0ms
186 timing idealTree:node_modules/which-typed-array Completed in 0ms
187 timing idealTree:buildDeps Completed in 2985ms
188 timing idealTree:fixDepFlags Completed in 11ms
189 timing idealTree Completed in 3257ms
190 timing reify:loadTrees Completed in 3258ms
191 timing reify:diffTrees Completed in 8ms
192 silly reify moves {}
193 timing reify:retireShallow Completed in 0ms
194 timing reify:createSparse Completed in 15ms
195 timing reify:loadBundles Completed in 0ms
196 silly audit bulk request {
196 silly audit   '@hapi/hoek': [ '9.2.1' ],
196 silly audit   '@hapi/topo': [ '5.1.0' ],
196 silly audit   '@panva/asn1.js': [ '1.0.0' ],
196 silly audit   '@sideway/address': [ '4.1.2' ],
196 silly audit   '@sideway/formula': [ '3.0.0' ],
196 silly audit   '@sideway/pinpoint': [ '2.0.0' ],
196 silly audit   '@sindresorhus/is': [ '4.2.0', '0.14.0' ],
196 silly audit   '@szmarczak/http-timer': [ '4.0.6', '1.1.2' ],
196 silly audit   '@types/body-parser': [ '1.19.1' ],
196 silly audit   '@types/bson': [ '4.0.3' ],
196 silly audit   '@types/cacheable-request': [ '6.0.2' ],
196 silly audit   '@types/connect': [ '3.4.35' ],
196 silly audit   '@types/express': [ '4.17.13' ],
196 silly audit   '@types/express-jwt': [ '0.0.42' ],
196 silly audit   '@types/express-serve-static-core': [ '4.17.25' ],
196 silly audit   '@types/express-unless': [ '0.5.2' ],
196 silly audit   '@types/http-cache-semantics': [ '4.0.1' ],
196 silly audit   '@types/keyv': [ '3.1.3' ],
196 silly audit   '@types/mime': [ '1.3.2' ],
196 silly audit   '@types/mongodb': [ '3.6.12' ],
196 silly audit   '@types/node': [ '14.14.37' ],
196 silly audit   '@types/qs': [ '6.9.7' ],
196 silly audit   '@types/range-parser': [ '1.2.4' ],
196 silly audit   '@types/responselike': [ '1.0.0' ],
196 silly audit   '@types/serve-static': [ '1.13.10' ],
196 silly audit   abbrev: [ '1.1.1' ],
196 silly audit   accepts: [ '1.3.7' ],
196 silly audit   'aggregate-error': [ '3.1.0' ],
196 silly audit   'ansi-align': [ '3.0.1' ],
196 silly audit   'ansi-regex': [ '5.0.1' ],
196 silly audit   'ansi-styles': [ '4.3.0' ],
196 silly audit   anymatch: [ '3.1.2' ],
196 silly audit   'array-flatten': [ '1.1.1' ],
196 silly audit   async: [ '1.5.2' ],
196 silly audit   'balanced-match': [ '1.0.2' ],
196 silly audit   base64url: [ '3.0.1' ],
196 silly audit   'binary-extensions': [ '2.2.0' ],
196 silly audit   bl: [ '2.2.1' ],
196 silly audit   bluebird: [ '3.5.1' ],
196 silly audit   'body-parser': [ '1.19.1', '1.19.0' ],
196 silly audit   'http-errors': [ '1.8.1', '1.8.0', '1.7.2' ],
196 silly audit   inherits: [ '2.0.4', '2.0.3' ],
196 silly audit   qs: [ '6.9.6', '6.7.0' ],
196 silly audit   setprototypeof: [ '1.2.0', '1.1.1' ],
196 silly audit   toidentifier: [ '1.0.1', '1.0.0' ],
196 silly audit   boxen: [ '5.1.2' ],
196 silly audit   'brace-expansion': [ '1.1.11' ],
196 silly audit   braces: [ '3.0.2' ],
196 silly audit   bson: [ '1.1.6' ],
196 silly audit   'buffer-equal-constant-time': [ '1.0.1' ],
196 silly audit   bytes: [ '3.1.1', '3.1.0' ],
196 silly audit   'cacheable-lookup': [ '5.0.4' ],
196 silly audit   'cacheable-request': [ '7.0.2', '6.1.0' ],
196 silly audit   camelcase: [ '6.2.0' ],
196 silly audit   cb: [ '0.1.0' ],
196 silly audit   chalk: [ '4.1.2' ],
196 silly audit   'has-flag': [ '4.0.0', '3.0.0' ],
196 silly audit   'supports-color': [ '7.2.0', '5.5.0' ],
196 silly audit   chokidar: [ '3.5.2' ],
196 silly audit   'ci-info': [ '2.0.0' ],
196 silly audit   'clean-stack': [ '2.2.0' ],
196 silly audit   'cli-boxes': [ '2.2.1' ],
196 silly audit   clone: [ '2.1.2' ],
196 silly audit   'clone-response': [ '1.0.2' ],
196 silly audit   'color-convert': [ '2.0.1' ],
196 silly audit   'color-name': [ '1.1.4' ],
196 silly audit   'concat-map': [ '0.0.1' ],
196 silly audit   configstore: [ '5.0.1' ],
196 silly audit   'content-disposition': [ '0.5.3' ],
196 silly audit   'content-type': [ '1.0.4' ],
196 silly audit   cookie: [ '0.4.0', '0.4.1' ],
196 silly audit   'cookie-signature': [ '1.0.6' ],
196 silly audit   'core-util-is': [ '1.0.2' ],
196 silly audit   cors: [ '2.8.5' ],
196 silly audit   'crypto-random-string': [ '2.0.0' ],
196 silly audit   debug: [ '2.6.9', '4.3.2', '3.1.0', '3.2.7' ],
196 silly audit   'decompress-response': [ '6.0.0', '3.3.0' ],
196 silly audit   'mimic-response': [ '3.1.0', '1.0.1' ],
196 silly audit   'deep-extend': [ '0.6.0' ],
196 silly audit   'defer-to-connect': [ '2.0.1', '1.1.3' ],
196 silly audit   denque: [ '1.5.0' ],
196 silly audit   depd: [ '1.1.2' ],
196 silly audit   destroy: [ '1.0.4' ],
196 silly audit   'dot-prop': [ '5.3.0' ],
196 silly audit   dotenv: [ '8.2.0' ],
196 silly audit   duplexer3: [ '0.1.4' ],
196 silly audit   'ecdsa-sig-formatter': [ '1.0.11' ],
196 silly audit   'ee-first': [ '1.1.1' ],
196 silly audit   'emoji-regex': [ '8.0.0' ],
196 silly audit   encodeurl: [ '1.0.2' ],
196 silly audit   'end-of-stream': [ '1.4.4' ],
196 silly audit   'escape-goat': [ '2.1.1' ],
196 silly audit   'escape-html': [ '1.0.3' ],
196 silly audit   etag: [ '1.8.1' ],
196 silly audit   express: [ '4.17.1' ],
196 silly audit   'express-jwt': [ '6.1.0' ],
196 silly audit   'express-jwt-permissions': [ '1.3.6' ],
196 silly audit   'express-openid-connect': [ '2.5.1' ],
196 silly audit   ms: [ '2.1.2', '2.1.3', '2.0.0', '2.1.1' ],
196 silly audit   'express-unless': [ '1.0.0' ],
196 silly audit   'raw-body': [ '2.4.0', '2.4.2' ],
196 silly audit   'fill-range': [ '7.0.1' ],
196 silly audit   finalhandler: [ '1.1.2' ],
196 silly audit   forwarded: [ '0.2.0' ],
196 silly audit   fresh: [ '0.5.2' ],
196 silly audit   fsevents: [ '2.3.2' ],
196 silly audit   'futoin-hkdf': [ '1.4.2' ],
196 silly audit   'get-stream': [ '5.2.0', '4.1.0' ],
196 silly audit   'glob-parent': [ '5.1.2' ],
196 silly audit   'global-dirs': [ '3.0.0' ],
196 silly audit   got: [ '11.8.2', '9.6.0' ],
196 silly audit   'graceful-fs': [ '4.2.8' ],
196 silly audit   'has-yarn': [ '2.1.0' ],
196 silly audit   'http-cache-semantics': [ '4.1.0' ],
196 silly audit   'http2-wrapper': [ '1.0.3' ],
196 silly audit   'iconv-lite': [ '0.4.24' ],
196 silly audit   'ignore-by-default': [ '1.0.1' ],
196 silly audit   'import-lazy': [ '2.1.0' ],
196 silly audit   imurmurhash: [ '0.1.4' ],
196 silly audit   'indent-string': [ '4.0.0' ],
196 silly audit   ini: [ '2.0.0', '1.3.8' ],
196 silly audit   'ipaddr.js': [ '1.9.1' ],
196 silly audit   'is-binary-path': [ '2.1.0' ],
196 silly audit   'is-ci': [ '2.0.0' ],
196 silly audit   'is-extglob': [ '2.1.1' ],
196 silly audit   'is-fullwidth-code-point': [ '3.0.0' ],
196 silly audit   'is-glob': [ '4.0.3' ],
196 silly audit   'is-installed-globally': [ '0.4.0' ],
196 silly audit   'is-npm': [ '5.0.0' ],
196 silly audit   'is-number': [ '7.0.0' ],
196 silly audit   'is-obj': [ '2.0.0' ],
196 silly audit   'is-path-inside': [ '3.0.3' ],
196 silly audit   'is-typedarray': [ '1.0.0' ],
196 silly audit   'is-yarn-global': [ '0.3.0' ],
196 silly audit   isarray: [ '1.0.0' ],
196 silly audit   joi: [ '17.4.2' ],
196 silly audit   jose: [ '2.0.5' ],
196 silly audit   'json-buffer': [ '3.0.1', '3.0.0' ],
196 silly audit   jsonwebtoken: [ '8.5.1' ],
196 silly audit   jwa: [ '1.4.1' ],
196 silly audit   'jwks-rsa': [ '2.0.5' ],
196 silly audit   jws: [ '3.2.2' ],
196 silly audit   kareem: [ '2.3.2' ],
196 silly audit   keyv: [ '4.0.4', '3.1.0' ],
196 silly audit   'latest-version': [ '5.1.0' ],
196 silly audit   limiter: [ '1.1.5' ],
196 silly audit   'lodash.clonedeep': [ '4.5.0' ],
196 silly audit   'lodash.get': [ '4.4.2' ],
196 silly audit   'lodash.includes': [ '4.3.0' ],
196 silly audit   'lodash.isboolean': [ '3.0.3' ],
196 silly audit   'lodash.isinteger': [ '4.0.4' ],
196 silly audit   'lodash.isnumber': [ '3.0.3' ],
196 silly audit   'lodash.isplainobject': [ '4.0.6' ],
196 silly audit   'lodash.isstring': [ '4.0.1' ],
196 silly audit   'lodash.once': [ '4.1.1' ],
196 silly audit   'lodash.set': [ '4.3.2' ],
196 silly audit   'lowercase-keys': [ '2.0.0', '1.0.1' ],
196 silly audit   'lru-cache': [ '6.0.0', '4.0.2' ],
196 silly audit   'lru-memoizer': [ '2.1.4' ],
196 silly audit   yallist: [ '2.1.2', '4.0.0' ],
196 silly audit   'make-dir': [ '3.1.0' ],
196 silly audit   semver: [ '6.3.0', '5.7.1', '7.3.5' ],
196 silly audit   'make-error': [ '1.3.6' ],
196 silly audit   'map-age-cleaner': [ '0.1.3' ],
196 silly audit   'media-typer': [ '0.3.0' ],
196 silly audit   mem: [ '6.1.1' ],
196 silly audit   'memory-pager': [ '1.5.0' ],
196 silly audit   'merge-descriptors': [ '1.0.1' ],
196 silly audit   methods: [ '1.1.2' ],
196 silly audit   mime: [ '1.6.0' ],
196 silly audit   'mime-db': [ '1.51.0' ],
196 silly audit   'mime-types': [ '2.1.34' ],
196 silly audit   'mimic-fn': [ '3.1.0' ],
196 silly audit   minimatch: [ '3.0.4' ],
196 silly audit   minimist: [ '1.2.5' ],
196 silly audit   mongodb: [ '3.6.5' ],
196 silly audit   mongoose: [ '5.12.3' ],
196 silly audit   'mongoose-legacy-pluralize': [ '1.0.2' ],
196 silly audit   'safe-buffer': [ '5.2.1', '5.1.2' ],
196 silly audit   mpath: [ '0.8.3' ],
196 silly audit   mquery: [ '3.2.5' ],
196 silly audit   negotiator: [ '0.6.2' ],
196 silly audit   nodemon: [ '2.0.15' ],
196 silly audit   nopt: [ '1.0.10' ],
196 silly audit   'normalize-path': [ '3.0.0' ],
196 silly audit   'normalize-url': [ '6.1.0', '4.5.1' ],
196 silly audit   'object-assign': [ '4.1.1' ],
196 silly audit   'object-hash': [ '2.2.0' ],
196 silly audit   'oidc-token-hash': [ '5.0.1' ],
196 silly audit   'on-finished': [ '2.3.0' ],
196 silly audit   'on-headers': [ '1.0.2' ],
196 silly audit   once: [ '1.4.0' ],
196 silly audit   'openid-client': [ '4.9.1' ],
196 silly audit   'p-cancelable': [ '2.1.1', '1.1.0' ],
196 silly audit   'p-defer': [ '1.0.0' ],
196 silly audit   'p-memoize': [ '4.0.1' ],
196 silly audit   'package-json': [ '6.5.0' ],
196 silly audit   responselike: [ '1.0.2', '2.0.0' ],
196 silly audit   parseurl: [ '1.3.3' ],
196 silly audit   'path-to-regexp': [ '0.1.7' ],
196 silly audit   picomatch: [ '2.3.0' ],
196 silly audit   'prepend-http': [ '2.0.0' ],
196 silly audit   'process-nextick-args': [ '2.0.1' ],
196 silly audit   'proxy-addr': [ '2.0.7' ],
196 silly audit   pseudomap: [ '1.0.2' ],
196 silly audit   'pstree.remy': [ '1.1.8' ],
196 silly audit   pump: [ '3.0.0' ],
196 silly audit   pupa: [ '2.1.1' ],
196 silly audit   'quick-lru': [ '5.1.1' ],
196 silly audit   'range-parser': [ '1.2.1' ],
196 silly audit   rc: [ '1.2.8' ],
196 silly audit   'readable-stream': [ '2.3.7' ],
196 silly audit   readdirp: [ '3.6.0' ],
196 silly audit   'regexp-clone': [ '1.0.0' ],
196 silly audit   'registry-auth-token': [ '4.2.1' ],
196 silly audit   'registry-url': [ '5.1.0' ],
196 silly audit   require_optional: [ '1.0.1' ],
196 silly audit   'resolve-alpn': [ '1.2.1' ],
196 silly audit   'resolve-from': [ '2.0.0' ],
196 silly audit   'safer-buffer': [ '2.1.2' ],
196 silly audit   saslprep: [ '1.0.3' ],
196 silly audit   'semver-diff': [ '3.1.1' ],
196 silly audit   send: [ '0.17.1' ],
196 silly audit   'serve-static': [ '1.14.1' ],
196 silly audit   sift: [ '7.0.1' ],
196 silly audit   'signal-exit': [ '3.0.5' ],
196 silly audit   sliced: [ '1.0.1' ],
196 silly audit   'sparse-bitfield': [ '3.0.3' ],
196 silly audit   statuses: [ '1.5.0' ],
196 silly audit   string_decoder: [ '1.1.1' ],
196 silly audit   'string-width': [ '4.2.3' ],
196 silly audit   'strip-ansi': [ '6.0.1' ],
196 silly audit   'strip-json-comments': [ '2.0.1' ],
196 silly audit   'to-readable-stream': [ '1.0.0' ],
196 silly audit   'to-regex-range': [ '5.0.1' ],
196 silly audit   touch: [ '3.1.0' ],
196 silly audit   'type-fest': [ '0.20.2' ],
196 silly audit   'type-is': [ '1.6.18' ],
196 silly audit   'typedarray-to-buffer': [ '3.1.5' ],
196 silly audit   undefsafe: [ '2.0.5' ],
196 silly audit   'unique-string': [ '2.0.0' ],
196 silly audit   unpipe: [ '1.0.0' ],
196 silly audit   'update-notifier': [ '5.1.0' ],
196 silly audit   'url-join': [ '4.0.1' ],
196 silly audit   'url-parse-lax': [ '3.0.0' ],
196 silly audit   'util-deprecate': [ '1.0.2' ],
196 silly audit   'utils-merge': [ '1.0.1' ],
196 silly audit   vary: [ '1.1.2' ],
196 silly audit   'widest-line': [ '3.1.0' ],
196 silly audit   'wrap-ansi': [ '7.0.0' ],
196 silly audit   wrappy: [ '1.0.2' ],
196 silly audit   'write-file-atomic': [ '3.0.3' ],
196 silly audit   'xdg-basedir': [ '4.0.0' ],
196 silly audit   util: [ '0.12.4' ],
196 silly audit   'is-arguments': [ '1.1.1' ],
196 silly audit   'is-generator-function': [ '1.0.10' ],
196 silly audit   'is-typed-array': [ '1.1.8' ],
196 silly audit   'which-typed-array': [ '1.1.7' ],
196 silly audit   'call-bind': [ '1.0.2' ],
196 silly audit   'has-tostringtag': [ '1.0.0' ],
196 silly audit   'function-bind': [ '1.1.1' ],
196 silly audit   'get-intrinsic': [ '1.1.1' ],
196 silly audit   has: [ '1.0.3' ],
196 silly audit   'has-symbols': [ '1.0.2' ],
196 silly audit   'available-typed-arrays': [ '1.0.5' ],
196 silly audit   'es-abstract': [ '1.19.1' ],
196 silly audit   foreach: [ '2.0.5' ],
196 silly audit   'es-to-primitive': [ '1.2.1' ],
196 silly audit   'get-symbol-description': [ '1.0.0' ],
196 silly audit   'internal-slot': [ '1.0.3' ],
196 silly audit   'is-callable': [ '1.2.4' ],
196 silly audit   'is-negative-zero': [ '2.0.2' ],
196 silly audit   'is-regex': [ '1.1.4' ],
196 silly audit   'is-shared-array-buffer': [ '1.0.1' ],
196 silly audit   'is-string': [ '1.0.7' ],
196 silly audit   'is-weakref': [ '1.0.2' ],
196 silly audit   'object-inspect': [ '1.12.0' ],
196 silly audit   'object-keys': [ '1.1.1' ],
196 silly audit   'object.assign': [ '4.1.2' ],
196 silly audit   'string.prototype.trimend': [ '1.0.4' ],
196 silly audit   'string.prototype.trimstart': [ '1.0.4' ],
196 silly audit   'unbox-primitive': [ '1.0.1' ],
196 silly audit   'is-date-object': [ '1.0.5' ],
196 silly audit   'is-symbol': [ '1.0.4' ],
196 silly audit   'side-channel': [ '1.0.4' ],
196 silly audit   'define-properties': [ '1.1.3' ],
196 silly audit   'has-bigints': [ '1.0.1' ],
196 silly audit   'which-boxed-primitive': [ '1.0.2' ],
196 silly audit   'is-bigint': [ '1.0.4' ],
196 silly audit   'is-boolean-object': [ '1.1.2' ],
196 silly audit   'is-number-object': [ '1.0.6' ]
196 silly audit }
197 silly tarball no local data for is-number-object@https://registry.npmjs.org/is-number-object/-/is-number-object-1.0.6.tgz. Extracting by manifest.
198 silly tarball no local data for is-boolean-object@https://registry.npmjs.org/is-boolean-object/-/is-boolean-object-1.1.2.tgz. Extracting by manifest.
199 silly tarball no local data for is-bigint@https://registry.npmjs.org/is-bigint/-/is-bigint-1.0.4.tgz. Extracting by manifest.
200 silly tarball no local data for which-boxed-primitive@https://registry.npmjs.org/which-boxed-primitive/-/which-boxed-primitive-1.0.2.tgz. Extracting by manifest.
201 silly tarball no local data for has-bigints@https://registry.npmjs.org/has-bigints/-/has-bigints-1.0.1.tgz. Extracting by manifest.
202 silly tarball no local data for define-properties@https://registry.npmjs.org/define-properties/-/define-properties-1.1.3.tgz. Extracting by manifest.
203 silly tarball no local data for side-channel@https://registry.npmjs.org/side-channel/-/side-channel-1.0.4.tgz. Extracting by manifest.
204 silly tarball no local data for is-symbol@https://registry.npmjs.org/is-symbol/-/is-symbol-1.0.4.tgz. Extracting by manifest.
205 silly tarball no local data for is-date-object@https://registry.npmjs.org/is-date-object/-/is-date-object-1.0.5.tgz. Extracting by manifest.
206 silly tarball no local data for unbox-primitive@https://registry.npmjs.org/unbox-primitive/-/unbox-primitive-1.0.1.tgz. Extracting by manifest.
207 silly tarball no local data for string.prototype.trimstart@https://registry.npmjs.org/string.prototype.trimstart/-/string.prototype.trimstart-1.0.4.tgz. Extracting by manifest.
208 silly tarball no local data for string.prototype.trimend@https://registry.npmjs.org/string.prototype.trimend/-/string.prototype.trimend-1.0.4.tgz. Extracting by manifest.
209 silly tarball no local data for object.assign@https://registry.npmjs.org/object.assign/-/object.assign-4.1.2.tgz. Extracting by manifest.
210 silly tarball no local data for object-keys@https://registry.npmjs.org/object-keys/-/object-keys-1.1.1.tgz. Extracting by manifest.
211 silly tarball no local data for object-inspect@https://registry.npmjs.org/object-inspect/-/object-inspect-1.12.0.tgz. Extracting by manifest.
212 silly tarball no local data for is-weakref@https://registry.npmjs.org/is-weakref/-/is-weakref-1.0.2.tgz. Extracting by manifest.
213 silly tarball no local data for is-string@https://registry.npmjs.org/is-string/-/is-string-1.0.7.tgz. Extracting by manifest.
214 silly tarball no local data for is-shared-array-buffer@https://registry.npmjs.org/is-shared-array-buffer/-/is-shared-array-buffer-1.0.1.tgz. Extracting by manifest.
215 silly tarball no local data for is-regex@https://registry.npmjs.org/is-regex/-/is-regex-1.1.4.tgz. Extracting by manifest.
216 silly tarball no local data for is-negative-zero@https://registry.npmjs.org/is-negative-zero/-/is-negative-zero-2.0.2.tgz. Extracting by manifest.
217 silly tarball no local data for is-callable@https://registry.npmjs.org/is-callable/-/is-callable-1.2.4.tgz. Extracting by manifest.
218 silly tarball no local data for internal-slot@https://registry.npmjs.org/internal-slot/-/internal-slot-1.0.3.tgz. Extracting by manifest.
219 silly tarball no local data for get-symbol-description@https://registry.npmjs.org/get-symbol-description/-/get-symbol-description-1.0.0.tgz. Extracting by manifest.
220 silly tarball no local data for es-to-primitive@https://registry.npmjs.org/es-to-primitive/-/es-to-primitive-1.2.1.tgz. Extracting by manifest.
221 silly tarball no local data for foreach@https://registry.npmjs.org/foreach/-/foreach-2.0.5.tgz. Extracting by manifest.
222 silly tarball no local data for es-abstract@https://registry.npmjs.org/es-abstract/-/es-abstract-1.19.1.tgz. Extracting by manifest.
223 silly tarball no local data for available-typed-arrays@https://registry.npmjs.org/available-typed-arrays/-/available-typed-arrays-1.0.5.tgz. Extracting by manifest.
224 silly tarball no local data for has-symbols@https://registry.npmjs.org/has-symbols/-/has-symbols-1.0.2.tgz. Extracting by manifest.
225 silly tarball no local data for has@https://registry.npmjs.org/has/-/has-1.0.3.tgz. Extracting by manifest.
226 silly tarball no local data for get-intrinsic@https://registry.npmjs.org/get-intrinsic/-/get-intrinsic-1.1.1.tgz. Extracting by manifest.
227 silly tarball no local data for function-bind@https://registry.npmjs.org/function-bind/-/function-bind-1.1.1.tgz. Extracting by manifest.
228 silly tarball no local data for has-tostringtag@https://registry.npmjs.org/has-tostringtag/-/has-tostringtag-1.0.0.tgz. Extracting by manifest.
229 silly tarball no local data for call-bind@https://registry.npmjs.org/call-bind/-/call-bind-1.0.2.tgz. Extracting by manifest.
230 silly tarball no local data for which-typed-array@https://registry.npmjs.org/which-typed-array/-/which-typed-array-1.1.7.tgz. Extracting by manifest.
231 silly tarball no local data for is-typed-array@https://registry.npmjs.org/is-typed-array/-/is-typed-array-1.1.8.tgz. Extracting by manifest.
232 silly tarball no local data for is-generator-function@https://registry.npmjs.org/is-generator-function/-/is-generator-function-1.0.10.tgz. Extracting by manifest.
233 silly tarball no local data for is-arguments@https://registry.npmjs.org/is-arguments/-/is-arguments-1.1.1.tgz. Extracting by manifest.
234 silly tarball no local data for util@https://registry.npmjs.org/util/-/util-0.12.4.tgz. Extracting by manifest.
235 http fetch POST 200 https://registry.npmjs.org/-/npm/v1/security/advisories/bulk 494ms
236 timing auditReport:getReport Completed in 498ms
237 silly audit report {
237 silly audit report   mpath: [
237 silly audit report     {
237 silly audit report       id: 1005027,
237 silly audit report       url: 'https://github.com/advisories/GHSA-p92x-r36w-9395',
237 silly audit report       title: 'Type confusion in mpath',
237 silly audit report       severity: 'critical',
237 silly audit report       vulnerable_versions: '<0.8.4'
237 silly audit report     }
237 silly audit report   ],
237 silly audit report   'express-openid-connect': [
237 silly audit report     {
237 silly audit report       id: 1006807,
237 silly audit report       url: 'https://github.com/advisories/GHSA-7rg2-qxmf-hhx9',
237 silly audit report       title: 'Session fixation in express-openid-connect',
237 silly audit report       severity: 'moderate',
237 silly audit report       vulnerable_versions: '>=2.3.0 <2.5.2'
237 silly audit report     }
237 silly audit report   ]
237 silly audit report }
238 timing metavuln:cache:get:security-advisory:mpath:M6jhWKO6WC/r4yHSb6k6WKJQQ5PBT80r6mcWB49bS5AtIDal57zb3PQDfZet9PGoPVNY6NiGjn70MicF8VkoZg== Completed in 285ms
239 timing metavuln:cache:get:security-advisory:express-openid-connect:NdJHrJ/HoQXH5xuUPlkm8R/hWrj+6zNM9XBDtPu7mKifVbRRRaI+EETkc3/emeXv79uc8huMMj2EK/5CZQpWFA== Completed in 308ms
240 http fetch GET 200 https://registry.npmjs.org/has-bigints/-/has-bigints-1.0.1.tgz 1718ms (cache miss)
241 timing reifyNode:node_modules/has-bigints Completed in 1798ms
242 http fetch GET 200 https://registry.npmjs.org/object-keys/-/object-keys-1.1.1.tgz 1675ms (cache miss)
243 timing reifyNode:node_modules/object-keys Completed in 1805ms
244 http fetch GET 200 https://registry.npmjs.org/is-symbol/-/is-symbol-1.0.4.tgz 1727ms (cache miss)
245 timing reifyNode:node_modules/is-symbol Completed in 1816ms
246 http fetch GET 200 https://registry.npmjs.org/is-bigint/-/is-bigint-1.0.4.tgz 1743ms (cache miss)
247 timing reifyNode:node_modules/is-bigint Completed in 1819ms
248 http fetch GET 200 https://registry.npmjs.org/which-boxed-primitive/-/which-boxed-primitive-1.0.2.tgz 1888ms (cache miss)
249 timing reifyNode:node_modules/which-boxed-primitive Completed in 1966ms
250 http fetch GET 200 https://registry.npmjs.org/is-number-object/-/is-number-object-1.0.6.tgz 1898ms (cache miss)
251 timing reifyNode:node_modules/is-number-object Completed in 1970ms
252 http fetch GET 200 https://registry.npmjs.org/unbox-primitive/-/unbox-primitive-1.0.1.tgz 1871ms (cache miss)
253 timing reifyNode:node_modules/unbox-primitive Completed in 1971ms
254 http fetch GET 200 https://registry.npmjs.org/is-boolean-object/-/is-boolean-object-1.1.2.tgz 1941ms (cache miss)
255 timing reifyNode:node_modules/is-boolean-object Completed in 2017ms
256 http fetch GET 200 https://registry.npmjs.org/define-properties/-/define-properties-1.1.3.tgz 1948ms (cache miss)
257 timing reifyNode:node_modules/define-properties Completed in 2031ms
258 http fetch GET 200 https://registry.npmjs.org/side-channel/-/side-channel-1.0.4.tgz 1960ms (cache miss)
259 timing reifyNode:node_modules/side-channel Completed in 2045ms
260 http fetch GET 200 https://registry.npmjs.org/is-date-object/-/is-date-object-1.0.5.tgz 1956ms (cache miss)
261 timing reifyNode:node_modules/is-date-object Completed in 2048ms
262 http fetch GET 200 https://registry.npmjs.org/has/-/has-1.0.3.tgz 1750ms (cache miss)
263 timing reifyNode:node_modules/has Completed in 2052ms
264 http fetch GET 200 https://registry.npmjs.org/foreach/-/foreach-2.0.5.tgz 1838ms (cache miss)
265 timing reifyNode:node_modules/foreach Completed in 2073ms
266 http fetch GET 200 https://registry.npmjs.org/string.prototype.trimstart/-/string.prototype.trimstart-1.0.4.tgz 1972ms (cache miss)
267 timing reifyNode:node_modules/string.prototype.trimstart Completed in 2081ms
268 http fetch GET 200 https://registry.npmjs.org/function-bind/-/function-bind-1.1.1.tgz 1862ms (cache miss)
269 timing reifyNode:node_modules/function-bind Completed in 2251ms
270 http fetch GET 200 https://registry.npmjs.org/express-openid-connect 1758ms (cache revalidated)
271 timing metavuln:packument:express-openid-connect Completed in 1763ms
272 timing metavuln:load:security-advisory:express-openid-connect:1006807 Completed in 0ms
273 timing metavuln:calculate:security-advisory:express-openid-connect:1006807 Completed in 1763ms
274 http fetch GET 200 https://registry.npmjs.org/mpath 1764ms (cache revalidated)
275 timing metavuln:packument:mpath Completed in 1766ms
276 timing metavuln:load:security-advisory:mpath:1005027 Completed in 0ms
277 timing metavuln:calculate:security-advisory:mpath:1005027 Completed in 1768ms
278 http fetch GET 200 https://registry.npmjs.org/which-typed-array/-/which-typed-array-1.1.7.tgz 1880ms (cache miss)
279 timing reifyNode:node_modules/which-typed-array Completed in 2270ms
280 http fetch GET 200 https://registry.npmjs.org/string.prototype.trimend/-/string.prototype.trimend-1.0.4.tgz 2165ms (cache miss)
281 timing reifyNode:node_modules/string.prototype.trimend Completed in 2277ms
282 http fetch GET 200 https://registry.npmjs.org/is-weakref/-/is-weakref-1.0.2.tgz 2161ms (cache miss)
283 timing reifyNode:node_modules/is-weakref Completed in 2301ms
284 http fetch GET 200 https://registry.npmjs.org/is-shared-array-buffer/-/is-shared-array-buffer-1.0.1.tgz 2179ms (cache miss)
285 timing reifyNode:node_modules/is-shared-array-buffer Completed in 2334ms
286 http fetch GET 200 https://registry.npmjs.org/get-intrinsic/-/get-intrinsic-1.1.1.tgz 2030ms (cache miss)
287 timing reifyNode:node_modules/get-intrinsic Completed in 2341ms
288 http fetch GET 200 https://registry.npmjs.org/is-arguments/-/is-arguments-1.1.1.tgz 1949ms (cache miss)
289 timing reifyNode:node_modules/is-arguments Completed in 2362ms
290 http fetch GET 200 https://registry.npmjs.org/get-symbol-description/-/get-symbol-description-1.0.0.tgz 2152ms (cache miss)
291 timing reifyNode:node_modules/get-symbol-description Completed in 2368ms
292 http fetch GET 200 https://registry.npmjs.org/is-string/-/is-string-1.0.7.tgz 2228ms (cache miss)
293 timing reifyNode:node_modules/is-string Completed in 2371ms
294 http fetch GET 200 https://registry.npmjs.org/is-typed-array/-/is-typed-array-1.1.8.tgz 1976ms (cache miss)
295 timing reifyNode:node_modules/is-typed-array Completed in 2373ms
296 http fetch GET 200 https://registry.npmjs.org/is-negative-zero/-/is-negative-zero-2.0.2.tgz 2212ms (cache miss)
297 timing reifyNode:node_modules/is-negative-zero Completed in 2383ms
298 http fetch GET 200 https://registry.npmjs.org/internal-slot/-/internal-slot-1.0.3.tgz 2178ms (cache miss)
299 timing reifyNode:node_modules/internal-slot Completed in 2386ms
300 http fetch GET 200 https://registry.npmjs.org/is-callable/-/is-callable-1.2.4.tgz 2186ms (cache miss)
301 timing reifyNode:node_modules/is-callable Completed in 2390ms
302 http fetch GET 200 https://registry.npmjs.org/util/-/util-0.12.4.tgz 1978ms (cache miss)
303 timing reifyNode:node_modules/util Completed in 2391ms
304 http fetch GET 200 https://registry.npmjs.org/available-typed-arrays/-/available-typed-arrays-1.0.5.tgz 2125ms (cache miss)
305 timing reifyNode:node_modules/available-typed-arrays Completed in 2398ms
306 http fetch GET 200 https://registry.npmjs.org/call-bind/-/call-bind-1.0.2.tgz 2036ms (cache miss)
307 timing reifyNode:node_modules/call-bind Completed in 2424ms
308 http fetch GET 200 https://registry.npmjs.org/is-regex/-/is-regex-1.1.4.tgz 2269ms (cache miss)
309 timing reifyNode:node_modules/is-regex Completed in 2429ms
310 timing metavuln:cache:get:security-advisory:mongoose:YQXoEJKPtrPAesfbiXKMbxOkQ9giw14RywP/SlbiS13p8yU4+2rW5TtX0J5tEiKTUoZCqWwurEQ516Tj31Lc9g== Completed in 173ms
311 http fetch GET 200 https://registry.npmjs.org/has-symbols/-/has-symbols-1.0.2.tgz 2156ms (cache miss)
312 timing reifyNode:node_modules/has-symbols Completed in 2440ms
313 http fetch GET 200 https://registry.npmjs.org/is-generator-function/-/is-generator-function-1.0.10.tgz 2038ms (cache miss)
314 timing reifyNode:node_modules/is-generator-function Completed in 2447ms
315 http fetch GET 200 https://registry.npmjs.org/has-tostringtag/-/has-tostringtag-1.0.0.tgz 2084ms (cache miss)
316 timing reifyNode:node_modules/has-tostringtag Completed in 2458ms
317 http fetch GET 200 https://registry.npmjs.org/es-to-primitive/-/es-to-primitive-1.2.1.tgz 2347ms (cache miss)
318 timing reifyNode:node_modules/es-to-primitive Completed in 2570ms
319 http fetch GET 200 https://registry.npmjs.org/object.assign/-/object.assign-4.1.2.tgz 2458ms (cache miss)
320 timing reifyNode:node_modules/object.assign Completed in 2576ms
321 http fetch GET 200 https://registry.npmjs.org/object-inspect/-/object-inspect-1.12.0.tgz 2472ms (cache miss)
322 timing reifyNode:node_modules/object-inspect Completed in 2608ms
323 http fetch GET 200 https://registry.npmjs.org/mongoose 564ms (cache revalidated)
324 timing metavuln:packument:mongoose Completed in 578ms
325 timing metavuln:load:security-advisory:mongoose:M6jhWKO6WC/r4yHSb6k6WKJQQ5PBT80r6mcWB49bS5AtIDal57zb3PQDfZet9PGoPVNY6NiGjn70MicF8VkoZg== Completed in 33ms
326 timing metavuln:calculate:security-advisory:mongoose:M6jhWKO6WC/r4yHSb6k6WKJQQ5PBT80r6mcWB49bS5AtIDal57zb3PQDfZet9PGoPVNY6NiGjn70MicF8VkoZg== Completed in 611ms
327 timing metavuln:cache:get:security-advisory:mongoose-legacy-pluralize:ZrkvodOH6F74M3z2aD5iFgS2m6z6Ji35pT2/0UXWZ8p+F8F2vpwpklQd+LV30xBulUuQPRT9fZTnEm5XCwzGLQ== Completed in 150ms
328 http fetch GET 200 https://registry.npmjs.org/mongoose-legacy-pluralize 576ms (cache revalidated)
329 timing metavuln:packument:mongoose-legacy-pluralize Completed in 577ms
330 timing metavuln:load:security-advisory:mongoose-legacy-pluralize:YQXoEJKPtrPAesfbiXKMbxOkQ9giw14RywP/SlbiS13p8yU4+2rW5TtX0J5tEiKTUoZCqWwurEQ516Tj31Lc9g== Completed in 0ms
331 timing metavuln:calculate:security-advisory:mongoose-legacy-pluralize:YQXoEJKPtrPAesfbiXKMbxOkQ9giw14RywP/SlbiS13p8yU4+2rW5TtX0J5tEiKTUoZCqWwurEQ516Tj31Lc9g== Completed in 578ms
332 timing auditReport:init Completed in 2962ms
333 timing reify:audit Completed in 3462ms
334 http fetch GET 200 https://registry.npmjs.org/es-abstract/-/es-abstract-1.19.1.tgz 4116ms (cache miss)
335 timing reifyNode:node_modules/es-abstract Completed in 4356ms
336 timing reify:unpack Completed in 4360ms
337 timing reify:unretire Completed in 5ms
338 timing build:queue Completed in 1ms
339 timing build:deps Completed in 2ms
340 timing build Completed in 3ms
341 timing reify:build Completed in 3ms
342 timing reify:trash Completed in 0ms
343 timing reify:save Completed in 107ms
344 timing reify Completed in 7970ms
345 silly ADD node_modules/is-number-object
346 silly ADD node_modules/is-boolean-object
347 silly ADD node_modules/is-bigint
348 silly ADD node_modules/which-boxed-primitive
349 silly ADD node_modules/has-bigints
350 silly ADD node_modules/define-properties
351 silly ADD node_modules/side-channel
352 silly ADD node_modules/is-symbol
353 silly ADD node_modules/is-date-object
354 silly ADD node_modules/unbox-primitive
355 silly ADD node_modules/string.prototype.trimstart
356 silly ADD node_modules/string.prototype.trimend
357 silly ADD node_modules/object.assign
358 silly ADD node_modules/object-keys
359 silly ADD node_modules/object-inspect
360 silly ADD node_modules/is-weakref
361 silly ADD node_modules/is-string
362 silly ADD node_modules/is-shared-array-buffer
363 silly ADD node_modules/is-regex
364 silly ADD node_modules/is-negative-zero
365 silly ADD node_modules/is-callable
366 silly ADD node_modules/internal-slot
367 silly ADD node_modules/get-symbol-description
368 silly ADD node_modules/es-to-primitive
369 silly ADD node_modules/foreach
370 silly ADD node_modules/es-abstract
371 silly ADD node_modules/available-typed-arrays
372 silly ADD node_modules/has-symbols
373 silly ADD node_modules/has
374 silly ADD node_modules/get-intrinsic
375 silly ADD node_modules/function-bind
376 silly ADD node_modules/has-tostringtag
377 silly ADD node_modules/call-bind
378 silly ADD node_modules/which-typed-array
379 silly ADD node_modules/is-typed-array
380 silly ADD node_modules/is-generator-function
381 silly ADD node_modules/is-arguments
382 silly ADD node_modules/util
383 timing command:i Completed in 8040ms
384 verbose exit 0
385 timing npm Completed in 8443ms
386 info ok
