0 verbose cli [ '/usr/local/bin/node', '/usr/local/bin/npm', 'i', 'body-parser' ]
1 info using npm@8.3.1
2 info using node@v14.17.1
3 timing npm:load:whichnode Completed in 1ms
4 timing config:load:defaults Completed in 1ms
5 timing config:load:file:/usr/local/lib/node_modules/npm/npmrc Completed in 4ms
6 timing config:load:builtin Completed in 4ms
7 timing config:load:cli Completed in 1ms
8 timing config:load:env Completed in 1ms
9 timing config:load:file:/Users/erickjaimez/Desktop/ECO-APP/backend/.npmrc Completed in 0ms
10 timing config:load:project Completed in 0ms
11 timing config:load:file:/Users/erickjaimez/.npmrc Completed in 0ms
12 timing config:load:user Completed in 0ms
13 timing config:load:file:/usr/local/etc/npmrc Completed in 1ms
14 timing config:load:global Completed in 1ms
15 timing config:load:validate Completed in 0ms
16 timing config:load:credentials Completed in 0ms
17 timing config:load:setEnvs Completed in 1ms
18 timing config:load Completed in 12ms
19 timing npm:load:configload Completed in 12ms
20 timing npm:load:setTitle Completed in 18ms
21 timing config:load:flatten Completed in 2ms
22 timing npm:load:display Completed in 4ms
23 verbose logfile /Users/erickjaimez/Desktop/ECO-APP/backend/C:tmpnodejsnpm-cache/_logs/2022-01-20T04_53_23_802Z-debug-0.log
24 timing npm:load:logFile Completed in 5ms
25 timing npm:load:timers Completed in 0ms
26 timing npm:load:configScope Completed in 1ms
27 timing npm:load Completed in 41ms
28 timing arborist:ctor Completed in 0ms
29 timing idealTree:init Completed in 235ms
30 timing idealTree:userRequests Completed in 1ms
31 silly idealTree buildDeps
32 silly fetch manifest body-parser@^1.19.1
33 timing arborist:ctor Completed in 1ms
34 http fetch GET 200 https://registry.npmjs.org/body-parser 176ms (cache hit)
35 silly placeDep ROOT body-parser@1.19.1 REPLACE for: backend@1.0.0 want: ^1.19.1
36 timing idealTree:#root Completed in 193ms
37 timing idealTree:node_modules/body-parser Completed in 0ms
38 timing idealTree:buildDeps Completed in 194ms
39 timing idealTree:fixDepFlags Completed in 17ms
40 timing idealTree Completed in 459ms
41 timing reify:loadTrees Completed in 460ms
42 timing reify:diffTrees Completed in 14ms
43 silly reify moves {}
44 timing reify:retireShallow Completed in 0ms
45 timing reify:createSparse Completed in 0ms
46 timing reify:loadBundles Completed in 0ms
47 silly audit bulk request {
47 silly audit   '@hapi/hoek': [ '9.2.1' ],
47 silly audit   '@hapi/topo': [ '5.1.0' ],
47 silly audit   '@panva/asn1.js': [ '1.0.0' ],
47 silly audit   '@sideway/address': [ '4.1.2' ],
47 silly audit   '@sideway/formula': [ '3.0.0' ],
47 silly audit   '@sideway/pinpoint': [ '2.0.0' ],
47 silly audit   '@sindresorhus/is': [ '4.2.0', '0.14.0' ],
47 silly audit   '@szmarczak/http-timer': [ '4.0.6', '1.1.2' ],
47 silly audit   '@types/body-parser': [ '1.19.1' ],
47 silly audit   '@types/bson': [ '4.0.3' ],
47 silly audit   '@types/cacheable-request': [ '6.0.2' ],
47 silly audit   '@types/connect': [ '3.4.35' ],
47 silly audit   '@types/express': [ '4.17.13' ],
47 silly audit   '@types/express-jwt': [ '0.0.42' ],
47 silly audit   '@types/express-serve-static-core': [ '4.17.25' ],
47 silly audit   '@types/express-unless': [ '0.5.2' ],
47 silly audit   '@types/http-cache-semantics': [ '4.0.1' ],
47 silly audit   '@types/keyv': [ '3.1.3' ],
47 silly audit   '@types/mime': [ '1.3.2' ],
47 silly audit   '@types/mongodb': [ '3.6.12' ],
47 silly audit   '@types/node': [ '14.14.37' ],
47 silly audit   '@types/qs': [ '6.9.7' ],
47 silly audit   '@types/range-parser': [ '1.2.4' ],
47 silly audit   '@types/responselike': [ '1.0.0' ],
47 silly audit   '@types/serve-static': [ '1.13.10' ],
47 silly audit   abbrev: [ '1.1.1' ],
47 silly audit   accepts: [ '1.3.7' ],
47 silly audit   'aggregate-error': [ '3.1.0' ],
47 silly audit   'ansi-align': [ '3.0.1' ],
47 silly audit   'ansi-regex': [ '5.0.1' ],
47 silly audit   'ansi-styles': [ '4.3.0' ],
47 silly audit   anymatch: [ '3.1.2' ],
47 silly audit   'array-flatten': [ '1.1.1' ],
47 silly audit   async: [ '1.5.2' ],
47 silly audit   'balanced-match': [ '1.0.2' ],
47 silly audit   base64url: [ '3.0.1' ],
47 silly audit   'binary-extensions': [ '2.2.0' ],
47 silly audit   bl: [ '2.2.1' ],
47 silly audit   bluebird: [ '3.5.1' ],
47 silly audit   'body-parser': [ '1.19.0', '1.19.1' ],
47 silly audit   'http-errors': [ '1.8.0', '1.7.2', '1.8.1' ],
47 silly audit   inherits: [ '2.0.4', '2.0.3' ],
47 silly audit   qs: [ '6.7.0', '6.9.6' ],
47 silly audit   setprototypeof: [ '1.2.0', '1.1.1' ],
47 silly audit   toidentifier: [ '1.0.1', '1.0.0' ],
47 silly audit   boxen: [ '5.1.2' ],
47 silly audit   'brace-expansion': [ '1.1.11' ],
47 silly audit   braces: [ '3.0.2' ],
47 silly audit   bson: [ '1.1.6' ],
47 silly audit   'buffer-equal-constant-time': [ '1.0.1' ],
47 silly audit   bytes: [ '3.1.1', '3.1.0' ],
47 silly audit   'cacheable-lookup': [ '5.0.4' ],
47 silly audit   'cacheable-request': [ '7.0.2', '6.1.0' ],
47 silly audit   camelcase: [ '6.2.0' ],
47 silly audit   cb: [ '0.1.0' ],
47 silly audit   chalk: [ '4.1.2' ],
47 silly audit   'has-flag': [ '4.0.0', '3.0.0' ],
47 silly audit   'supports-color': [ '7.2.0', '5.5.0' ],
47 silly audit   chokidar: [ '3.5.2' ],
47 silly audit   'ci-info': [ '2.0.0' ],
47 silly audit   'clean-stack': [ '2.2.0' ],
47 silly audit   'cli-boxes': [ '2.2.1' ],
47 silly audit   clone: [ '2.1.2' ],
47 silly audit   'clone-response': [ '1.0.2' ],
47 silly audit   'color-convert': [ '2.0.1' ],
47 silly audit   'color-name': [ '1.1.4' ],
47 silly audit   'concat-map': [ '0.0.1' ],
47 silly audit   configstore: [ '5.0.1' ],
47 silly audit   'content-disposition': [ '0.5.3' ],
47 silly audit   'content-type': [ '1.0.4' ],
47 silly audit   cookie: [ '0.4.0', '0.4.1' ],
47 silly audit   'cookie-signature': [ '1.0.6' ],
47 silly audit   'core-util-is': [ '1.0.2' ],
47 silly audit   cors: [ '2.8.5' ],
47 silly audit   'crypto-random-string': [ '2.0.0' ],
47 silly audit   debug: [ '2.6.9', '4.3.2', '3.1.0', '3.2.7' ],
47 silly audit   'decompress-response': [ '6.0.0', '3.3.0' ],
47 silly audit   'mimic-response': [ '3.1.0', '1.0.1' ],
47 silly audit   'deep-extend': [ '0.6.0' ],
47 silly audit   'defer-to-connect': [ '2.0.1', '1.1.3' ],
47 silly audit   denque: [ '1.5.0' ],
47 silly audit   depd: [ '1.1.2' ],
47 silly audit   destroy: [ '1.0.4' ],
47 silly audit   'dot-prop': [ '5.3.0' ],
47 silly audit   dotenv: [ '8.2.0' ],
47 silly audit   duplexer3: [ '0.1.4' ],
47 silly audit   'ecdsa-sig-formatter': [ '1.0.11' ],
47 silly audit   'ee-first': [ '1.1.1' ],
47 silly audit   'emoji-regex': [ '8.0.0' ],
47 silly audit   encodeurl: [ '1.0.2' ],
47 silly audit   'end-of-stream': [ '1.4.4' ],
47 silly audit   'escape-goat': [ '2.1.1' ],
47 silly audit   'escape-html': [ '1.0.3' ],
47 silly audit   etag: [ '1.8.1' ],
47 silly audit   express: [ '4.17.1' ],
47 silly audit   'express-jwt': [ '6.1.0' ],
47 silly audit   'express-jwt-permissions': [ '1.3.6' ],
47 silly audit   'express-openid-connect': [ '2.5.1' ],
47 silly audit   ms: [ '2.1.2', '2.1.3', '2.0.0', '2.1.1' ],
47 silly audit   'express-unless': [ '1.0.0' ],
47 silly audit   'raw-body': [ '2.4.0', '2.4.2' ],
47 silly audit   'fill-range': [ '7.0.1' ],
47 silly audit   finalhandler: [ '1.1.2' ],
47 silly audit   forwarded: [ '0.2.0' ],
47 silly audit   fresh: [ '0.5.2' ],
47 silly audit   fsevents: [ '2.3.2' ],
47 silly audit   'futoin-hkdf': [ '1.4.2' ],
47 silly audit   'get-stream': [ '5.2.0', '4.1.0' ],
47 silly audit   'glob-parent': [ '5.1.2' ],
47 silly audit   'global-dirs': [ '3.0.0' ],
47 silly audit   got: [ '11.8.2', '9.6.0' ],
47 silly audit   'graceful-fs': [ '4.2.8' ],
47 silly audit   'has-yarn': [ '2.1.0' ],
47 silly audit   'http-cache-semantics': [ '4.1.0' ],
47 silly audit   'http2-wrapper': [ '1.0.3' ],
47 silly audit   'iconv-lite': [ '0.4.24' ],
47 silly audit   'ignore-by-default': [ '1.0.1' ],
47 silly audit   'import-lazy': [ '2.1.0' ],
47 silly audit   imurmurhash: [ '0.1.4' ],
47 silly audit   'indent-string': [ '4.0.0' ],
47 silly audit   ini: [ '2.0.0', '1.3.8' ],
47 silly audit   'ipaddr.js': [ '1.9.1' ],
47 silly audit   'is-binary-path': [ '2.1.0' ],
47 silly audit   'is-ci': [ '2.0.0' ],
47 silly audit   'is-extglob': [ '2.1.1' ],
47 silly audit   'is-fullwidth-code-point': [ '3.0.0' ],
47 silly audit   'is-glob': [ '4.0.3' ],
47 silly audit   'is-installed-globally': [ '0.4.0' ],
47 silly audit   'is-npm': [ '5.0.0' ],
47 silly audit   'is-number': [ '7.0.0' ],
47 silly audit   'is-obj': [ '2.0.0' ],
47 silly audit   'is-path-inside': [ '3.0.3' ],
47 silly audit   'is-typedarray': [ '1.0.0' ],
47 silly audit   'is-yarn-global': [ '0.3.0' ],
47 silly audit   isarray: [ '1.0.0' ],
47 silly audit   joi: [ '17.4.2' ],
47 silly audit   jose: [ '2.0.5' ],
47 silly audit   'json-buffer': [ '3.0.1', '3.0.0' ],
47 silly audit   jsonwebtoken: [ '8.5.1' ],
47 silly audit   jwa: [ '1.4.1' ],
47 silly audit   'jwks-rsa': [ '2.0.5' ],
47 silly audit   jws: [ '3.2.2' ],
47 silly audit   kareem: [ '2.3.2' ],
47 silly audit   keyv: [ '4.0.4', '3.1.0' ],
47 silly audit   'latest-version': [ '5.1.0' ],
47 silly audit   limiter: [ '1.1.5' ],
47 silly audit   'lodash.clonedeep': [ '4.5.0' ],
47 silly audit   'lodash.get': [ '4.4.2' ],
47 silly audit   'lodash.includes': [ '4.3.0' ],
47 silly audit   'lodash.isboolean': [ '3.0.3' ],
47 silly audit   'lodash.isinteger': [ '4.0.4' ],
47 silly audit   'lodash.isnumber': [ '3.0.3' ],
47 silly audit   'lodash.isplainobject': [ '4.0.6' ],
47 silly audit   'lodash.isstring': [ '4.0.1' ],
47 silly audit   'lodash.once': [ '4.1.1' ],
47 silly audit   'lodash.set': [ '4.3.2' ],
47 silly audit   'lowercase-keys': [ '2.0.0', '1.0.1' ],
47 silly audit   'lru-cache': [ '6.0.0', '4.0.2' ],
47 silly audit   'lru-memoizer': [ '2.1.4' ],
47 silly audit   yallist: [ '2.1.2', '4.0.0' ],
47 silly audit   'make-dir': [ '3.1.0' ],
47 silly audit   semver: [ '6.3.0', '5.7.1', '7.3.5' ],
47 silly audit   'make-error': [ '1.3.6' ],
47 silly audit   'map-age-cleaner': [ '0.1.3' ],
47 silly audit   'media-typer': [ '0.3.0' ],
47 silly audit   mem: [ '6.1.1' ],
47 silly audit   'memory-pager': [ '1.5.0' ],
47 silly audit   'merge-descriptors': [ '1.0.1' ],
47 silly audit   methods: [ '1.1.2' ],
47 silly audit   mime: [ '1.6.0' ],
47 silly audit   'mime-db': [ '1.51.0' ],
47 silly audit   'mime-types': [ '2.1.34' ],
47 silly audit   'mimic-fn': [ '3.1.0' ],
47 silly audit   minimatch: [ '3.0.4' ],
47 silly audit   minimist: [ '1.2.5' ],
47 silly audit   mongodb: [ '3.6.5' ],
47 silly audit   mongoose: [ '5.12.3' ],
47 silly audit   'mongoose-legacy-pluralize': [ '1.0.2' ],
47 silly audit   'safe-buffer': [ '5.2.1', '5.1.2' ],
47 silly audit   mpath: [ '0.8.3' ],
47 silly audit   mquery: [ '3.2.5' ],
47 silly audit   negotiator: [ '0.6.2' ],
47 silly audit   nodemon: [ '2.0.15' ],
47 silly audit   nopt: [ '1.0.10' ],
47 silly audit   'normalize-path': [ '3.0.0' ],
47 silly audit   'normalize-url': [ '6.1.0', '4.5.1' ],
47 silly audit   'object-assign': [ '4.1.1' ],
47 silly audit   'object-hash': [ '2.2.0' ],
47 silly audit   'oidc-token-hash': [ '5.0.1' ],
47 silly audit   'on-finished': [ '2.3.0' ],
47 silly audit   'on-headers': [ '1.0.2' ],
47 silly audit   once: [ '1.4.0' ],
47 silly audit   'openid-client': [ '4.9.1' ],
47 silly audit   'p-cancelable': [ '2.1.1', '1.1.0' ],
47 silly audit   'p-defer': [ '1.0.0' ],
47 silly audit   'p-memoize': [ '4.0.1' ],
47 silly audit   'package-json': [ '6.5.0' ],
47 silly audit   responselike: [ '1.0.2', '2.0.0' ],
47 silly audit   parseurl: [ '1.3.3' ],
47 silly audit   'path-to-regexp': [ '0.1.7' ],
47 silly audit   picomatch: [ '2.3.0' ],
47 silly audit   'prepend-http': [ '2.0.0' ],
47 silly audit   'process-nextick-args': [ '2.0.1' ],
47 silly audit   'proxy-addr': [ '2.0.7' ],
47 silly audit   pseudomap: [ '1.0.2' ],
47 silly audit   'pstree.remy': [ '1.1.8' ],
47 silly audit   pump: [ '3.0.0' ],
47 silly audit   pupa: [ '2.1.1' ],
47 silly audit   'quick-lru': [ '5.1.1' ],
47 silly audit   'range-parser': [ '1.2.1' ],
47 silly audit   rc: [ '1.2.8' ],
47 silly audit   'readable-stream': [ '2.3.7' ],
47 silly audit   readdirp: [ '3.6.0' ],
47 silly audit   'regexp-clone': [ '1.0.0' ],
47 silly audit   'registry-auth-token': [ '4.2.1' ],
47 silly audit   'registry-url': [ '5.1.0' ],
47 silly audit   require_optional: [ '1.0.1' ],
47 silly audit   'resolve-alpn': [ '1.2.1' ],
47 silly audit   'resolve-from': [ '2.0.0' ],
47 silly audit   'safer-buffer': [ '2.1.2' ],
47 silly audit   saslprep: [ '1.0.3' ],
47 silly audit   'semver-diff': [ '3.1.1' ],
47 silly audit   send: [ '0.17.1' ],
47 silly audit   'serve-static': [ '1.14.1' ],
47 silly audit   sift: [ '7.0.1' ],
47 silly audit   'signal-exit': [ '3.0.5' ],
47 silly audit   sliced: [ '1.0.1' ],
47 silly audit   'sparse-bitfield': [ '3.0.3' ],
47 silly audit   statuses: [ '1.5.0' ],
47 silly audit   string_decoder: [ '1.1.1' ],
47 silly audit   'string-width': [ '4.2.3' ],
47 silly audit   'strip-ansi': [ '6.0.1' ],
47 silly audit   'strip-json-comments': [ '2.0.1' ],
47 silly audit   'to-readable-stream': [ '1.0.0' ],
47 silly audit   'to-regex-range': [ '5.0.1' ],
47 silly audit   touch: [ '3.1.0' ],
47 silly audit   'type-fest': [ '0.20.2' ],
47 silly audit   'type-is': [ '1.6.18' ],
47 silly audit   'typedarray-to-buffer': [ '3.1.5' ],
47 silly audit   undefsafe: [ '2.0.5' ],
47 silly audit   'unique-string': [ '2.0.0' ],
47 silly audit   unpipe: [ '1.0.0' ],
47 silly audit   'update-notifier': [ '5.1.0' ],
47 silly audit   'url-join': [ '4.0.1' ],
47 silly audit   'url-parse-lax': [ '3.0.0' ],
47 silly audit   'util-deprecate': [ '1.0.2' ],
47 silly audit   'utils-merge': [ '1.0.1' ],
47 silly audit   vary: [ '1.1.2' ],
47 silly audit   'widest-line': [ '3.1.0' ],
47 silly audit   'wrap-ansi': [ '7.0.0' ],
47 silly audit   wrappy: [ '1.0.2' ],
47 silly audit   'write-file-atomic': [ '3.0.3' ],
47 silly audit   'xdg-basedir': [ '4.0.0' ]
47 silly audit }
48 timing reify:unpack Completed in 1ms
49 timing reify:unretire Completed in 0ms
50 timing build:queue Completed in 0ms
51 timing build:deps Completed in 0ms
52 timing build Completed in 0ms
53 timing reify:build Completed in 2ms
54 timing reify:trash Completed in 0ms
55 timing reify:save Completed in 69ms
56 http fetch POST 200 https://registry.npmjs.org/-/npm/v1/security/advisories/bulk 448ms
57 timing auditReport:getReport Completed in 455ms
58 silly audit report {
58 silly audit report   mpath: [
58 silly audit report     {
58 silly audit report       id: 1005027,
58 silly audit report       url: 'https://github.com/advisories/GHSA-p92x-r36w-9395',
58 silly audit report       title: 'Type confusion in mpath',
58 silly audit report       severity: 'critical',
58 silly audit report       vulnerable_versions: '<0.8.4'
58 silly audit report     }
58 silly audit report   ],
58 silly audit report   'express-openid-connect': [
58 silly audit report     {
58 silly audit report       id: 1006807,
58 silly audit report       url: 'https://github.com/advisories/GHSA-7rg2-qxmf-hhx9',
58 silly audit report       title: 'Session fixation in express-openid-connect',
58 silly audit report       severity: 'moderate',
58 silly audit report       vulnerable_versions: '>=2.3.0 <2.5.2'
58 silly audit report     }
58 silly audit report   ]
58 silly audit report }
59 timing metavuln:cache:get:security-advisory:mpath:M6jhWKO6WC/r4yHSb6k6WKJQQ5PBT80r6mcWB49bS5AtIDal57zb3PQDfZet9PGoPVNY6NiGjn70MicF8VkoZg== Completed in 6ms
60 timing metavuln:cache:get:security-advisory:express-openid-connect:NdJHrJ/HoQXH5xuUPlkm8R/hWrj+6zNM9XBDtPu7mKifVbRRRaI+EETkc3/emeXv79uc8huMMj2EK/5CZQpWFA== Completed in 6ms
61 http fetch GET 200 https://registry.npmjs.org/mpath 12ms (cache hit)
62 timing metavuln:packument:mpath Completed in 13ms
63 timing metavuln:load:security-advisory:mpath:1005027 Completed in 0ms
64 timing metavuln:calculate:security-advisory:mpath:1005027 Completed in 14ms
65 http fetch GET 200 https://registry.npmjs.org/express-openid-connect 12ms (cache hit)
66 timing metavuln:packument:express-openid-connect Completed in 14ms
67 timing metavuln:load:security-advisory:express-openid-connect:1006807 Completed in 0ms
68 timing metavuln:calculate:security-advisory:express-openid-connect:1006807 Completed in 14ms
69 timing metavuln:cache:get:security-advisory:mongoose:YQXoEJKPtrPAesfbiXKMbxOkQ9giw14RywP/SlbiS13p8yU4+2rW5TtX0J5tEiKTUoZCqWwurEQ516Tj31Lc9g== Completed in 2ms
70 http fetch GET 200 https://registry.npmjs.org/mongoose 12ms (cache hit)
71 timing metavuln:packument:mongoose Completed in 19ms
72 timing metavuln:load:security-advisory:mongoose:M6jhWKO6WC/r4yHSb6k6WKJQQ5PBT80r6mcWB49bS5AtIDal57zb3PQDfZet9PGoPVNY6NiGjn70MicF8VkoZg== Completed in 11ms
73 timing metavuln:calculate:security-advisory:mongoose:M6jhWKO6WC/r4yHSb6k6WKJQQ5PBT80r6mcWB49bS5AtIDal57zb3PQDfZet9PGoPVNY6NiGjn70MicF8VkoZg== Completed in 30ms
74 timing metavuln:cache:get:security-advisory:mongoose-legacy-pluralize:ZrkvodOH6F74M3z2aD5iFgS2m6z6Ji35pT2/0UXWZ8p+F8F2vpwpklQd+LV30xBulUuQPRT9fZTnEm5XCwzGLQ== Completed in 19ms
75 http fetch GET 200 https://registry.npmjs.org/mongoose-legacy-pluralize 17ms (cache hit)
76 timing metavuln:packument:mongoose-legacy-pluralize Completed in 19ms
77 timing metavuln:load:security-advisory:mongoose-legacy-pluralize:YQXoEJKPtrPAesfbiXKMbxOkQ9giw14RywP/SlbiS13p8yU4+2rW5TtX0J5tEiKTUoZCqWwurEQ516Tj31Lc9g== Completed in 0ms
78 timing metavuln:calculate:security-advisory:mongoose-legacy-pluralize:YQXoEJKPtrPAesfbiXKMbxOkQ9giw14RywP/SlbiS13p8yU4+2rW5TtX0J5tEiKTUoZCqWwurEQ516Tj31Lc9g== Completed in 23ms
79 timing auditReport:init Completed in 70ms
80 timing reify:audit Completed in 525ms
81 timing reify Completed in 1022ms
82 timing command:i Completed in 1085ms
83 verbose exit 0
84 timing npm Completed in 1504ms
85 info ok
